{"environment":"development","level":"info","message":"Initializing database connection...","service":"jade-vendure-backend","timestamp":"2025-12-22T05:42:18.846Z"}
{"environment":"development","level":"info","message":"âœ“ Database connected","service":"jade-vendure-backend","timestamp":"2025-12-22T05:42:24.566Z"}
{"environment":"development","level":"info","message":"Initializing database connection...","service":"jade-vendure-backend","timestamp":"2025-12-22T05:44:22.565Z"}
{"environment":"development","level":"info","message":"âœ“ Database connected","service":"jade-vendure-backend","timestamp":"2025-12-22T05:44:31.149Z"}
{"environment":"development","level":"info","message":"Initializing database connection...","service":"jade-vendure-backend","timestamp":"2025-12-22T05:54:16.131Z"}
{"environment":"development","level":"info","message":"âœ“ Database connected","service":"jade-vendure-backend","timestamp":"2025-12-22T05:54:22.724Z"}
{"environment":"development","level":"info","message":"Initializing database connection...","service":"jade-vendure-backend","timestamp":"2025-12-22T05:55:50.921Z"}
{"environment":"development","level":"info","message":"âœ“ Database connected","service":"jade-vendure-backend","timestamp":"2025-12-22T05:55:56.871Z"}
{"environment":"development","level":"info","message":"Initializing database connection...","service":"jade-vendure-backend","timestamp":"2025-12-22T05:57:58.275Z"}
{"environment":"development","level":"info","message":"âœ“ Database connected","service":"jade-vendure-backend","timestamp":"2025-12-22T05:58:04.119Z"}
{"environment":"development","level":"info","message":"CORS allowed origins: http://localhost:4005, http://localhost:5173, http://localhost:3000, http://localhost:4173, https://studio.apollographql.com","service":"jade-vendure-backend","timestamp":"2025-12-22T05:58:04.120Z"}
{"environment":"development","level":"info","message":"Starting Apollo GraphQL Server...","service":"jade-vendure-backend","timestamp":"2025-12-22T05:58:04.121Z"}
{"environment":"development","level":"info","message":"ðŸš€ Apollo Server started","service":"jade-vendure-backend","timestamp":"2025-12-22T05:58:04.193Z"}
{"environment":"development","level":"info","message":"Initializing WebSocket service...","service":"jade-vendure-backend","timestamp":"2025-12-22T05:58:04.193Z"}
{"environment":"development","level":"info","message":"âœ“ WebSocket service initialized","service":"jade-vendure-backend","timestamp":"2025-12-22T05:58:04.193Z"}
{"environment":"development","level":"info","message":"Initializing Email Notification service...","service":"jade-vendure-backend","timestamp":"2025-12-22T05:58:04.194Z"}
{"environment":"development","level":"info","message":"âœ“ Email Notification service initialized","service":"jade-vendure-backend","timestamp":"2025-12-22T05:58:04.194Z"}
{"environment":"development","level":"info","message":"ðŸš€ Server ready at http://localhost:4001","service":"jade-vendure-backend","timestamp":"2025-12-22T05:58:04.194Z"}
{"environment":"development","level":"info","message":"ðŸ”— GraphQL endpoint: http://localhost:4001/graphql","service":"jade-vendure-backend","timestamp":"2025-12-22T05:58:04.195Z"}
{"environment":"development","level":"info","message":"ðŸ“Š Apollo Studio: http://localhost:4001/graphql","service":"jade-vendure-backend","timestamp":"2025-12-22T05:58:04.195Z"}
{"environment":"development","level":"info","message":"ðŸ¥ Health check: http://localhost:4001/health","service":"jade-vendure-backend","timestamp":"2025-12-22T05:58:04.195Z"}
{"environment":"development","level":"info","message":"âœ… Readiness check: http://localhost:4001/ready","service":"jade-vendure-backend","timestamp":"2025-12-22T05:58:04.195Z"}
{"environment":"development","level":"info","message":"ðŸ“ Environment: development","service":"jade-vendure-backend","timestamp":"2025-12-22T05:58:04.195Z"}
{"environment":"development","filters":{},"level":"info","message":"Fetching business metrics","service":"jade-vendure-backend","timeframe":{"preset":"30d"},"timestamp":"2025-12-22T05:59:46.535Z"}
{"environment":"development","filters":{},"level":"info","message":"Computing business metrics","service":"jade-vendure-backend","timeframe":{"preset":"30d"},"timestamp":"2025-12-22T05:59:46.536Z"}
{"environment":"development","filters":{},"level":"info","message":"Generating business insights","service":"jade-vendure-backend","timeframe":{"preset":"30d"},"timestamp":"2025-12-22T05:59:46.540Z"}
{"environment":"development","filters":{},"level":"info","message":"Computing business metrics","service":"jade-vendure-backend","timeframe":{"preset":"30d"},"timestamp":"2025-12-22T05:59:46.540Z"}
{"environment":"development","level":"info","message":"Fetching dashboard summary","service":"jade-vendure-backend","timestamp":"2025-12-22T05:59:46.542Z"}
{"environment":"development","level":"info","message":"Computing dashboard summary","service":"jade-vendure-backend","timestamp":"2025-12-22T05:59:46.542Z"}
{"environment":"development","level":"info","limit":50,"message":"Fetching business alerts","service":"jade-vendure-backend","timestamp":"2025-12-22T05:59:46.543Z"}
{"environment":"development","error":{"code":"42P01","driverError":{"code":"42P01","file":"parse_relation.c","length":111,"line":"1428","name":"error","position":"31","routine":"parserOpenTable","severity":"ERROR"},"file":"parse_relation.c","length":111,"line":"1428","parameters":[],"position":"31","query":"SELECT COUNT(*) as count FROM jade.product\n         ","routine":"parserOpenTable","severity":"ERROR"},"level":"warn","message":"Error getting product count","service":"jade-vendure-backend","timestamp":"2025-12-22T05:59:46.545Z"}
{"environment":"development","error":{"code":"42P01","driverError":{"code":"42P01","file":"parse_relation.c","length":112,"line":"1428","name":"error","position":"252","routine":"parserOpenTable","severity":"ERROR"},"file":"parse_relation.c","length":112,"line":"1428","position":"252","query":"SELECT\n          p.id as \"productId\",\n          COALESCE(p.glance_data->>'heroBenefit', 'Unknown Product') as \"productName\",\n          0 as revenue,\n          0 as \"unitsSold\",\n          0 as \"conversionRate\",\n          0 as \"returnRate\"\n        FROM jade.product p\n        \n        LIMIT 10","routine":"parserOpenTable","severity":"ERROR"},"level":"warn","message":"Error getting top performing products","service":"jade-vendure-backend","timestamp":"2025-12-22T05:59:46.546Z"}
{"environment":"development","error":{"code":"42P01","driverError":{"code":"42P01","file":"parse_relation.c","length":111,"line":"1428","name":"error","position":"31","routine":"parserOpenTable","severity":"ERROR"},"file":"parse_relation.c","length":111,"line":"1428","parameters":[],"position":"31","query":"SELECT COUNT(*) as count FROM jade.product\n         ","routine":"parserOpenTable","severity":"ERROR"},"level":"warn","message":"Error getting product count","service":"jade-vendure-backend","timestamp":"2025-12-22T05:59:46.552Z"}
{"environment":"development","error":{"code":"42P01","driverError":{"code":"42P01","file":"parse_relation.c","length":112,"line":"1428","name":"error","position":"252","routine":"parserOpenTable","severity":"ERROR"},"file":"parse_relation.c","length":112,"line":"1428","position":"252","query":"SELECT\n          p.id as \"productId\",\n          COALESCE(p.glance_data->>'heroBenefit', 'Unknown Product') as \"productName\",\n          0 as revenue,\n          0 as \"unitsSold\",\n          0 as \"conversionRate\",\n          0 as \"returnRate\"\n        FROM jade.product p\n        \n        LIMIT 10","routine":"parserOpenTable","severity":"ERROR"},"level":"warn","message":"Error getting top performing products","service":"jade-vendure-backend","timestamp":"2025-12-22T05:59:46.553Z"}
{"environment":"development","error":{"code":"42703","driverError":{"code":"42703","file":"parse_relation.c","length":114,"line":"3722","name":"error","position":"21","routine":"errorMissingColumn","severity":"ERROR"},"file":"parse_relation.c","length":114,"line":"3722","parameters":[],"position":"21","query":"SELECT COALESCE(AVG(lifetime_value), 0) as ltv\n         FROM jade.client\n         WHERE lifetime_value IS NOT NULL\n         ","routine":"errorMissingColumn","severity":"ERROR"},"level":"warn","message":"Error getting customer LTV","service":"jade-vendure-backend","timestamp":"2025-12-22T05:59:46.556Z"}
{"environment":"development","error":{"code":"42703","driverError":{"code":"42703","file":"parse_relation.c","length":114,"line":"3722","name":"error","position":"21","routine":"errorMissingColumn","severity":"ERROR"},"file":"parse_relation.c","length":114,"line":"3722","parameters":[],"position":"21","query":"SELECT COALESCE(AVG(lifetime_value), 0) as ltv\n         FROM jade.client\n         WHERE lifetime_value IS NOT NULL\n         ","routine":"errorMissingColumn","severity":"ERROR"},"level":"warn","message":"Error getting customer LTV","service":"jade-vendure-backend","timestamp":"2025-12-22T05:59:46.557Z"}
{"environment":"development","error":{"code":"42703","driverError":{"code":"42703","file":"parse_relation.c","length":114,"line":"3722","name":"error","position":"21","routine":"errorMissingColumn","severity":"ERROR"},"file":"parse_relation.c","length":114,"line":"3722","parameters":[],"position":"21","query":"SELECT COALESCE(AVG(lifetime_value), 0) as ltv\n         FROM jade.client\n         WHERE lifetime_value IS NOT NULL\n         ","routine":"errorMissingColumn","severity":"ERROR"},"level":"warn","message":"Error getting customer LTV","service":"jade-vendure-backend","timestamp":"2025-12-22T05:59:46.557Z"}
{"environment":"development","error":{"code":"42703","driverError":{"code":"42703","file":"parse_relation.c","length":114,"line":"3722","name":"error","position":"21","routine":"errorMissingColumn","severity":"ERROR"},"file":"parse_relation.c","length":114,"line":"3722","parameters":[],"position":"21","query":"SELECT COALESCE(AVG(lifetime_value), 0) as ltv\n         FROM jade.client\n         WHERE lifetime_value IS NOT NULL\n         ","routine":"errorMissingColumn","severity":"ERROR"},"level":"warn","message":"Error getting customer LTV","service":"jade-vendure-backend","timestamp":"2025-12-22T05:59:46.559Z"}
{"environment":"development","level":"info","message":"Generating business insights","service":"jade-vendure-backend","timestamp":"2025-12-22T05:59:46.562Z"}
{"environment":"development","error":{"code":"42P01","driverError":{"code":"42P01","file":"parse_relation.c","length":111,"line":"1428","name":"error","position":"31","routine":"parserOpenTable","severity":"ERROR"},"file":"parse_relation.c","length":111,"line":"1428","parameters":[],"position":"31","query":"SELECT COUNT(*) as count FROM jade.product\n         ","routine":"parserOpenTable","severity":"ERROR"},"level":"warn","message":"Error getting product count","service":"jade-vendure-backend","timestamp":"2025-12-22T05:59:46.587Z"}
{"environment":"development","error":{"code":"42P01","driverError":{"code":"42P01","file":"parse_relation.c","length":112,"line":"1428","name":"error","position":"252","routine":"parserOpenTable","severity":"ERROR"},"file":"parse_relation.c","length":112,"line":"1428","position":"252","query":"SELECT\n          p.id as \"productId\",\n          COALESCE(p.glance_data->>'heroBenefit', 'Unknown Product') as \"productName\",\n          0 as revenue,\n          0 as \"unitsSold\",\n          0 as \"conversionRate\",\n          0 as \"returnRate\"\n        FROM jade.product p\n        \n        LIMIT 10","routine":"parserOpenTable","severity":"ERROR"},"level":"warn","message":"Error getting top performing products","service":"jade-vendure-backend","timestamp":"2025-12-22T05:59:46.588Z"}
